2026-03-29T18:38:41.849579 | ENGAGE | 
============================================================
2026-03-29T18:38:41.849853 | ENGAGE | ENGAGEMENT ACTIVATION: fca72ac6-bb3c-4aaf-b4ea-44eb2d9ece7e
2026-03-29T18:38:41.849898 | ENGAGE | ============================================================
2026-03-29T18:38:42.644010 | ENGAGE |   Company: Wieser Concrete Products, Inc.
2026-03-29T18:38:42.714815 | ENGAGE |   Buyers loaded: 10
2026-03-29T18:38:43.430081 | ENGAGE |   DNC check: 0 blocked, 10 clear
2026-03-29T18:38:43.430867 | ENGAGE |   Generating outreach for 10 clear buyers...
2026-03-29T18:39:51.640876 | ENGAGE |     Scripted 3/10 buyers
2026-03-29T18:41:05.243901 | ENGAGE |     Scripted 6/10 buyers
2026-03-29T18:42:13.510102 | ENGAGE |     Scripted 9/10 buyers
2026-03-29T18:42:35.314517 | ENGAGE |   Outreach scripts generated for top 10 buyers
2026-03-29T18:43:17.488695 | ENGAGE | 
============================================================
2026-03-29T18:43:17.488903 | ENGAGE | ENGAGEMENT ACTIVATION: fca72ac6-bb3c-4aaf-b4ea-44eb2d9ece7e
2026-03-29T18:43:17.488937 | ENGAGE | ============================================================
2026-03-29T18:43:18.272171 | ENGAGE |   Company: Wieser Concrete Products, Inc.
2026-03-29T18:43:18.413803 | ENGAGE |   Buyers loaded: 10
2026-03-29T18:43:19.133821 | ENGAGE |   DNC check: 0 blocked, 10 clear
2026-03-29T18:43:19.134591 | ENGAGE |   Generating outreach for 10 clear buyers...
2026-03-29T18:44:26.906522 | ENGAGE |     Scripted 3/10 buyers
2026-03-29T18:45:37.343924 | ENGAGE |     Scripted 6/10 buyers
2026-03-29T18:46:46.019783 | ENGAGE |     Scripted 9/10 buyers
2026-03-29T18:47:13.110790 | ENGAGE |   Outreach scripts generated for top 10 buyers
2026-03-29T18:47:56.633266 | ENGAGE | 
============================================================
2026-03-29T18:47:56.633506 | ENGAGE | ENGAGEMENT ACTIVATION: ce11b6b7-f485-4f38-96e3-1455507ecff1
2026-03-29T18:47:56.633551 | ENGAGE | ============================================================
2026-03-29T18:47:57.388568 | ENGAGE |   Company: Air Control
2026-03-29T18:47:57.456414 | ENGAGE |   Buyers loaded: 10
2026-03-29T18:47:58.169003 | ENGAGE |   DNC check: 0 blocked, 10 clear
2026-03-29T18:47:58.169777 | ENGAGE |   Generating outreach for 10 clear buyers...
2026-03-29T18:49:25.212518 | ENGAGE |     Scripted 3/10 buyers
2026-03-29T18:50:30.820096 | ENGAGE |     Scripted 6/10 buyers
2026-03-29T18:51:44.636927 | ENGAGE |     Scripted 9/10 buyers
2026-03-29T18:52:11.249939 | ENGAGE |   Outreach scripts generated for top 10 buyers
2026-03-29T18:52:51.058239 | ENGAGE |   Generating account plan page...
2026-03-29T18:52:51.193249 | ENGAGE | ENGAGEMENT ACTIVATED: Air Control
2026-03-29T18:52:51.193857 | ENGAGE |   Buyers: 10 clear / 0 DNC blocked
2026-03-29T18:52:51.194150 | ENGAGE |   Scripts: top 10 generated
2026-03-29T18:52:51.194443 | ENGAGE |   Timeline: 30/60/90 day plan created
2026-03-29T18:52:55.316962 | ENGAGE | 
============================================================
2026-03-29T18:52:55.317220 | ENGAGE | ENGAGEMENT ACTIVATION: 656be30d-dafe-4755-a04a-6de4891a69ca
2026-03-29T18:52:55.317256 | ENGAGE | ============================================================
2026-03-29T18:52:56.155857 | ENGAGE |   Company: AquaScience
2026-03-29T18:52:56.224209 | ENGAGE |   Buyers loaded: 10
2026-03-29T18:52:56.941296 | ENGAGE |   DNC check: 0 blocked, 10 clear
2026-03-29T18:52:56.942031 | ENGAGE |   Generating outreach for 10 clear buyers...
2026-03-29T18:54:05.414880 | ENGAGE |     Scripted 3/10 buyers
